1552479421004	geckodriver	INFO	geckodriver 0.19.1
1552479421009	geckodriver	INFO	Listening on 127.0.0.1:57839
1548202818757	mozrunner::runner	INFO	Running command: "/usr/bin/firefox" "-marionette" "-profile" "/tmp/rust_mozprofile.RN9mr4BsT7zj"
1548202819023	addons.webextension.screenshots@mozilla.org	WARN	Loading extension 'screenshots@mozilla.org': Reading manifest: Invalid host permission: resource://pdf.js/
1548202819024	addons.webextension.screenshots@mozilla.org	WARN	Loading extension 'screenshots@mozilla.org': Reading manifest: Invalid host permission: about:reader*
1548202819106	Marionette	DEBUG	Received observer notification profile-after-change
Fontconfig error: "/home/hira/.config/fontconfig/fonts.conf", line 1: no element found
Fontconfig error: "/home/hira/.fonts.conf", line 1: no element found
1548202820954	Marionette	DEBUG	Received observer notification command-line-startup
1548202820954	Marionette	DEBUG	Received observer notification nsPref:changed
1548202820954	Marionette	DEBUG	Init aborted (running=false, enabled=true, finalUIStartup=false)
1548202821735	Marionette	DEBUG	Received observer notification toplevel-window-ready
Fontconfig error: "/home/hira/.config/fontconfig/fonts.conf", line 1: no element found
Fontconfig error: "/home/hira/.fonts.conf", line 1: no element found
Fontconfig error: "/home/hira/.config/fontconfig/fonts.conf", line 1: no element found
Fontconfig error: "/home/hira/.fonts.conf", line 1: no element found
1548202823640	Marionette	DEBUG	Received observer notification sessionstore-windows-restored
1548202823640	Marionette	DEBUG	Waiting for delayed startup...
Fontconfig error: "/home/hira/.config/fontconfig/fonts.conf", line 1: no element found
Fontconfig error: "/home/hira/.fonts.conf", line 1: no element found
1548202823844	Marionette	DEBUG	Setting recommended pref app.update.disabledForTesting to true
1548202823844	Marionette	DEBUG	Setting recommended pref security.turn_off_all_security_so_that_viruses_can_take_over_this_computer to true
1548202823844	Marionette	DEBUG	Setting recommended pref browser.contentblocking.introCount to 99
1548202823845	Marionette	DEBUG	Setting recommended pref datareporting.policy.dataSubmissionPolicyAccepted to false
1548202823845	Marionette	DEBUG	Setting recommended pref dom.disable_beforeunload to true
1548202823845	Marionette	DEBUG	Setting recommended pref toolkit.cosmeticAnimations.enabled to false
1548202823877	Marionette	INFO	Listening on port 41419
1548202823878	Marionette	DEBUG	Remote service is active
1548202824033	Marionette	DEBUG	Accepted connection 0 from 127.0.0.1:47492
1548202824039	Marionette	TRACE	0 -> [0,1,"newSession",{"acceptInsecureCerts":true,"browserName":"firefox","capabilities":{"desiredCapabilities":{"acceptInsecureCerts":true,"browserName":"firefox"}}}]
1548202824039	Marionette	TRACE	0 <- [1,1,{"error":"unknown command","message":"newSession","stacktrace":"WebDriverError@chrome://marionette/content/error.js:178: ... et@chrome://marionette/content/server.js:236:8\n_onJSONObjectReady/<@chrome://marionette/content/transport.js:490:9\n"},null]
[Child 15720, Chrome_ChildThread] WARNING: pipe error (3): Connection reset by peer: file /build/firefox-wWf_B4/firefox-64.0+build3/ipc/chromium/src/chrome/common/ipc_channel_posix.cc, line 363
[Child 15692, Chrome_ChildThread] WARNING: pipe error (3): Connection reset by peer: file /build/firefox-wWf_B4/firefox-64.0+build3/ipc/chromium/src/chrome/common/ipc_channel_posix.cc, line 363
1552479421006	geckodriver	INFO	geckodriver 0.19.1
1552479421011	geckodriver	INFO	Listening on 127.0.0.1:49109
1548202926930	mozrunner::runner	INFO	Running command: "/usr/bin/firefox" "-marionette" "-profile" "/tmp/rust_mozprofile.Ay1vSPCg2Y2A"
1548202927212	addons.webextension.screenshots@mozilla.org	WARN	Loading extension 'screenshots@mozilla.org': Reading manifest: Invalid host permission: resource://pdf.js/
1548202927212	addons.webextension.screenshots@mozilla.org	WARN	Loading extension 'screenshots@mozilla.org': Reading manifest: Invalid host permission: about:reader*
1548202927295	Marionette	DEBUG	Received observer notification profile-after-change
Fontconfig error: "/home/hira/.config/fontconfig/fonts.conf", line 1: no element found
Fontconfig error: "/home/hira/.fonts.conf", line 1: no element found
1548202928562	Marionette	DEBUG	Received observer notification command-line-startup
1548202928563	Marionette	DEBUG	Received observer notification nsPref:changed
1548202928563	Marionette	DEBUG	Init aborted (running=false, enabled=true, finalUIStartup=false)
1548202929386	Marionette	DEBUG	Received observer notification toplevel-window-ready
Fontconfig error: "/home/hira/.config/fontconfig/fonts.conf", line 1: no element found
Fontconfig error: "/home/hira/.fonts.conf", line 1: no element found
Fontconfig error: "/home/hira/.config/fontconfig/fonts.conf", line 1: no element found
Fontconfig error: "/home/hira/.fonts.conf", line 1: no element found
1548202931385	Marionette	DEBUG	Received observer notification sessionstore-windows-restored
1548202931385	Marionette	DEBUG	Waiting for delayed startup...
1548202931524	Marionette	DEBUG	Setting recommended pref app.update.disabledForTesting to true
1548202931525	Marionette	DEBUG	Setting recommended pref security.turn_off_all_security_so_that_viruses_can_take_over_this_computer to true
1548202931525	Marionette	DEBUG	Setting recommended pref browser.contentblocking.introCount to 99
1548202931525	Marionette	DEBUG	Setting recommended pref datareporting.policy.dataSubmissionPolicyAccepted to false
1548202931525	Marionette	DEBUG	Setting recommended pref dom.disable_beforeunload to true
1548202931526	Marionette	DEBUG	Setting recommended pref toolkit.cosmeticAnimations.enabled to false
Fontconfig error: "/home/hira/.config/fontconfig/fonts.conf", line 1: no element found
Fontconfig error: "/home/hira/.fonts.conf", line 1: no element found
1548202931559	Marionette	INFO	Listening on port 34591
1548202931559	Marionette	DEBUG	Remote service is active
1548202931649	Marionette	DEBUG	Accepted connection 0 from 127.0.0.1:48832
1548202931651	Marionette	TRACE	0 -> [0,1,"newSession",{"acceptInsecureCerts":true,"browserName":"firefox","capabilities":{"desiredCapabilities":{"acceptInsecureCerts":true,"browserName":"firefox"}}}]
1548202931652	Marionette	TRACE	0 <- [1,1,{"error":"unknown command","message":"newSession","stacktrace":"WebDriverError@chrome://marionette/content/error.js:178: ... et@chrome://marionette/content/server.js:236:8\n_onJSONObjectReady/<@chrome://marionette/content/transport.js:490:9\n"},null]
[Child 16218, Chrome_ChildThread] WARNING: pipe error (3): Connection reset by peer: file /build/firefox-wWf_B4/firefox-64.0+build3/ipc/chromium/src/chrome/common/ipc_channel_posix.cc, line 363
1552479421005	geckodriver	INFO	geckodriver 0.19.1
1552479421008	geckodriver	INFO	Listening on 127.0.0.1:58989
1548202956132	mozrunner::runner	INFO	Running command: "/usr/bin/firefox" "-marionette" "-profile" "/tmp/rust_mozprofile.QkwnIMLJGy4h"
1548202956393	addons.webextension.screenshots@mozilla.org	WARN	Loading extension 'screenshots@mozilla.org': Reading manifest: Invalid host permission: resource://pdf.js/
1548202956393	addons.webextension.screenshots@mozilla.org	WARN	Loading extension 'screenshots@mozilla.org': Reading manifest: Invalid host permission: about:reader*
1548202956478	Marionette	DEBUG	Received observer notification profile-after-change
Fontconfig error: "/home/hira/.config/fontconfig/fonts.conf", line 1: no element found
Fontconfig error: "/home/hira/.fonts.conf", line 1: no element found
1548202957771	Marionette	DEBUG	Received observer notification command-line-startup
1548202957772	Marionette	DEBUG	Received observer notification nsPref:changed
1548202957772	Marionette	DEBUG	Init aborted (running=false, enabled=true, finalUIStartup=false)
1548202958573	Marionette	DEBUG	Received observer notification toplevel-window-ready
Fontconfig error: "/home/hira/.config/fontconfig/fonts.conf", line 1: no element found
Fontconfig error: "/home/hira/.fonts.conf", line 1: no element found
Fontconfig error: "/home/hira/.config/fontconfig/fonts.conf", line 1: no element found
Fontconfig error: "/home/hira/.fonts.conf", line 1: no element found
1548202961195	Marionette	DEBUG	Received observer notification sessionstore-windows-restored
1548202961195	Marionette	DEBUG	Waiting for delayed startup...
1548202961431	Marionette	DEBUG	Setting recommended pref app.update.disabledForTesting to true
1548202961431	Marionette	DEBUG	Setting recommended pref security.turn_off_all_security_so_that_viruses_can_take_over_this_computer to true
1548202961431	Marionette	DEBUG	Setting recommended pref browser.contentblocking.introCount to 99
1548202961432	Marionette	DEBUG	Setting recommended pref datareporting.policy.dataSubmissionPolicyAccepted to false
1548202961432	Marionette	DEBUG	Setting recommended pref dom.disable_beforeunload to true
1548202961432	Marionette	DEBUG	Setting recommended pref toolkit.cosmeticAnimations.enabled to false
Fontconfig error: "/home/hira/.config/fontconfig/fonts.conf", line 1: no element found
Fontconfig error: "/home/hira/.fonts.conf", line 1: no element found
1548202961465	Marionette	INFO	Listening on port 42999
1548202961466	Marionette	DEBUG	Remote service is active
1548202961556	Marionette	DEBUG	Accepted connection 0 from 127.0.0.1:39272
1548202961560	Marionette	TRACE	0 -> [0,1,"newSession",{"acceptInsecureCerts":true,"browserName":"firefox","capabilities":{"desiredCapabilities":{"acceptInsecureCerts":true,"browserName":"firefox"}}}]
1548202961561	Marionette	TRACE	0 <- [1,1,{"error":"unknown command","message":"newSession","stacktrace":"WebDriverError@chrome://marionette/content/error.js:178: ... et@chrome://marionette/content/server.js:236:8\n_onJSONObjectReady/<@chrome://marionette/content/transport.js:490:9\n"},null]
1552479421006	geckodriver	INFO	geckodriver 0.19.1
1552479421013	geckodriver	INFO	Listening on 127.0.0.1:36473
1548203601745	mozrunner::runner	INFO	Running command: "/usr/bin/firefox" "-marionette" "-profile" "/tmp/rust_mozprofile.VfPeyAovXwPP"
1548203602009	addons.webextension.screenshots@mozilla.org	WARN	Loading extension 'screenshots@mozilla.org': Reading manifest: Invalid host permission: resource://pdf.js/
1548203602009	addons.webextension.screenshots@mozilla.org	WARN	Loading extension 'screenshots@mozilla.org': Reading manifest: Invalid host permission: about:reader*
1548203602095	Marionette	DEBUG	Received observer notification profile-after-change
Fontconfig error: "/home/hira/.config/fontconfig/fonts.conf", line 1: no element found
Fontconfig error: "/home/hira/.fonts.conf", line 1: no element found
1548203603035	Marionette	DEBUG	Received observer notification command-line-startup
1548203603035	Marionette	DEBUG	Received observer notification nsPref:changed
1548203603035	Marionette	DEBUG	Init aborted (running=false, enabled=true, finalUIStartup=false)
1548203604440	Marionette	DEBUG	Received observer notification toplevel-window-ready
Fontconfig error: "/home/hira/.config/fontconfig/fonts.conf", line 1: no element found
Fontconfig error: "/home/hira/.fonts.conf", line 1: no element found
Fontconfig error: "/home/hira/.config/fontconfig/fonts.conf", line 1: no element found
Fontconfig error: "/home/hira/.fonts.conf", line 1: no element found
1548203606515	Marionette	DEBUG	Received observer notification sessionstore-windows-restored
1548203606515	Marionette	DEBUG	Waiting for delayed startup...
1548203606662	Marionette	DEBUG	Setting recommended pref app.update.disabledForTesting to true
1548203606663	Marionette	DEBUG	Setting recommended pref security.turn_off_all_security_so_that_viruses_can_take_over_this_computer to true
1548203606663	Marionette	DEBUG	Setting recommended pref browser.contentblocking.introCount to 99
1548203606666	Marionette	DEBUG	Setting recommended pref datareporting.policy.dataSubmissionPolicyAccepted to false
1548203606667	Marionette	DEBUG	Setting recommended pref dom.disable_beforeunload to true
1548203606667	Marionette	DEBUG	Setting recommended pref toolkit.cosmeticAnimations.enabled to false
Fontconfig error: "/home/hira/.config/fontconfig/fonts.conf", line 1: no element found
Fontconfig error: "/home/hira/.fonts.conf", line 1: no element found
1548203606704	Marionette	INFO	Listening on port 38179
1548203606704	Marionette	DEBUG	Remote service is active
1548203606765	Marionette	DEBUG	Accepted connection 0 from 127.0.0.1:52682
1548203606765	Marionette	TRACE	0 -> [0,1,"newSession",{"acceptInsecureCerts":true,"browserName":"firefox","capabilities":{"desiredCapabilities":{"acceptInsecureCerts":true,"browserName":"firefox"}}}]
1548203606766	Marionette	TRACE	0 <- [1,1,{"error":"unknown command","message":"newSession","stacktrace":"WebDriverError@chrome://marionette/content/error.js:178: ... et@chrome://marionette/content/server.js:236:8\n_onJSONObjectReady/<@chrome://marionette/content/transport.js:490:9\n"},null]
[Child 18349, Chrome_ChildThread] WARNING: pipe error (3): Connection reset by peer: file /build/firefox-wWf_B4/firefox-64.0+build3/ipc/chromium/src/chrome/common/ipc_channel_posix.cc, line 363
[GFX1-]: Receive IPC close with reason=AbnormalShutdown
[Child 18318, Chrome_ChildThread] WARNING: pipe error (3): Connection reset by peer: file /build/firefox-wWf_B4/firefox-64.0+build3/ipc/chromium/src/chrome/common/ipc_channel_posix.cc, line 363
1552479421006	geckodriver	INFO	geckodriver 0.19.1
1552479421012	geckodriver	INFO	Listening on 127.0.0.1:37841
1548203995616	mozrunner::runner	INFO	Running command: "/usr/bin/firefox" "-marionette" "-profile" "/tmp/rust_mozprofile.mdIGxyydQyHx"
1548203995955	addons.webextension.screenshots@mozilla.org	WARN	Loading extension 'screenshots@mozilla.org': Reading manifest: Invalid host permission: resource://pdf.js/
1548203995955	addons.webextension.screenshots@mozilla.org	WARN	Loading extension 'screenshots@mozilla.org': Reading manifest: Invalid host permission: about:reader*
1548203996042	Marionette	DEBUG	Received observer notification profile-after-change
Fontconfig error: "/home/hira/.config/fontconfig/fonts.conf", line 1: no element found
Fontconfig error: "/home/hira/.fonts.conf", line 1: no element found
1548203997928	Marionette	DEBUG	Received observer notification command-line-startup
1548203997928	Marionette	DEBUG	Received observer notification nsPref:changed
1548203997928	Marionette	DEBUG	Init aborted (running=false, enabled=true, finalUIStartup=false)
1548203999418	Marionette	DEBUG	Received observer notification toplevel-window-ready
Fontconfig error: "/home/hira/.config/fontconfig/fonts.conf", line 1: no element found
Fontconfig error: "/home/hira/.fonts.conf", line 1: no element found
Fontconfig error: "/home/hira/.config/fontconfig/fonts.conf", line 1: no element found
Fontconfig error: "/home/hira/.fonts.conf", line 1: no element found
1548204002150	Marionette	DEBUG	Received observer notification sessionstore-windows-restored
1548204002150	Marionette	DEBUG	Waiting for delayed startup...
1548204002395	Marionette	DEBUG	Setting recommended pref app.update.disabledForTesting to true
1548204002395	Marionette	DEBUG	Setting recommended pref security.turn_off_all_security_so_that_viruses_can_take_over_this_computer to true
1548204002396	Marionette	DEBUG	Setting recommended pref browser.contentblocking.introCount to 99
1548204002396	Marionette	DEBUG	Setting recommended pref datareporting.policy.dataSubmissionPolicyAccepted to false
1548204002397	Marionette	DEBUG	Setting recommended pref dom.disable_beforeunload to true
1548204002397	Marionette	DEBUG	Setting recommended pref toolkit.cosmeticAnimations.enabled to false
Fontconfig error: "/home/hira/.config/fontconfig/fonts.conf", line 1: no element found
Fontconfig error: "/home/hira/.fonts.conf", line 1: no element found
1548204002433	Marionette	INFO	Listening on port 34131
1548204002433	Marionette	DEBUG	Remote service is active
1548204002450	Marionette	DEBUG	Accepted connection 0 from 127.0.0.1:60374
1548204002458	Marionette	TRACE	0 -> [0,1,"newSession",{"acceptInsecureCerts":true,"browserName":"firefox","capabilities":{"desiredCapabilities":{"acceptInsecureCerts":true,"browserName":"firefox"}}}]
1548204002459	Marionette	TRACE	0 <- [1,1,{"error":"unknown command","message":"newSession","stacktrace":"WebDriverError@chrome://marionette/content/error.js:178: ... et@chrome://marionette/content/server.js:236:8\n_onJSONObjectReady/<@chrome://marionette/content/transport.js:490:9\n"},null]
[Child 20335, Chrome_ChildThread] WARNING: pipe error (47): Connection reset by peer: file /build/firefox-wWf_B4/firefox-64.0+build3/ipc/chromium/src/chrome/common/ipc_channel_posix.cc, line 363
[Child 20335, Chrome_ChildThread] WARNING: pipe error (46): Connection reset by peer: file /build/firefox-wWf_B4/firefox-64.0+build3/ipc/chromium/src/chrome/common/ipc_channel_posix.cc, line 363
[Child 20335, Chrome_ChildThread] WARNING: pipe error (45): Connection reset by peer: file /build/firefox-wWf_B4/firefox-64.0+build3/ipc/chromium/src/chrome/common/ipc_channel_posix.cc, line 363
[Child 20335, Chrome_ChildThread] WARNING: pipe error (50): Connection reset by peer: file /build/firefox-wWf_B4/firefox-64.0+build3/ipc/chromium/src/chrome/common/ipc_channel_posix.cc, line 363
[Child 20335, Chrome_ChildThread] WARNING: pipe error (49): Connection reset by peer: file /build/firefox-wWf_B4/firefox-64.0+build3/ipc/chromium/src/chrome/common/ipc_channel_posix.cc, line 363
[Child 20335, Chrome_ChildThread] WARNING: pipe error (3): Connection reset by peer: file /build/firefox-wWf_B4/firefox-64.0+build3/ipc/chromium/src/chrome/common/ipc_channel_posix.cc, line 363
[Child 20238, Chrome_ChildThread] WARNING: pipe error (3): Connection reset by peer: file /build/firefox-wWf_B4/firefox-64.0+build3/ipc/chromium/src/chrome/common/ipc_channel_posix.cc, line 363
1552479421005	geckodriver	INFO	geckodriver 0.19.1
1552479421010	geckodriver	INFO	Listening on 127.0.0.1:54823
1548204122559	mozrunner::runner	INFO	Running command: "/usr/bin/firefox" "-marionette" "-profile" "/tmp/rust_mozprofile.K6anvM018JWW"
1548204122825	addons.webextension.screenshots@mozilla.org	WARN	Loading extension 'screenshots@mozilla.org': Reading manifest: Invalid host permission: resource://pdf.js/
1548204122825	addons.webextension.screenshots@mozilla.org	WARN	Loading extension 'screenshots@mozilla.org': Reading manifest: Invalid host permission: about:reader*
1548204122909	Marionette	DEBUG	Received observer notification profile-after-change
Fontconfig error: "/home/hira/.config/fontconfig/fonts.conf", line 1: no element found
Fontconfig error: "/home/hira/.fonts.conf", line 1: no element found
1548204124193	Marionette	DEBUG	Received observer notification command-line-startup
1548204124193	Marionette	DEBUG	Received observer notification nsPref:changed
1548204124193	Marionette	DEBUG	Init aborted (running=false, enabled=true, finalUIStartup=false)
1548204124975	Marionette	DEBUG	Received observer notification toplevel-window-ready
Fontconfig error: "/home/hira/.config/fontconfig/fonts.conf", line 1: no element found
Fontconfig error: "/home/hira/.fonts.conf", line 1: no element found
Fontconfig error: "/home/hira/.config/fontconfig/fonts.conf", line 1: no element found
Fontconfig error: "/home/hira/.fonts.conf", line 1: no element found
1548204126230	Marionette	DEBUG	Received observer notification sessionstore-windows-restored
1548204126230	Marionette	DEBUG	Waiting for delayed startup...
1548204126376	Marionette	DEBUG	Setting recommended pref app.update.disabledForTesting to true
1548204126376	Marionette	DEBUG	Setting recommended pref security.turn_off_all_security_so_that_viruses_can_take_over_this_computer to true
1548204126377	Marionette	DEBUG	Setting recommended pref browser.contentblocking.introCount to 99
1548204126377	Marionette	DEBUG	Setting recommended pref datareporting.policy.dataSubmissionPolicyAccepted to false
1548204126377	Marionette	DEBUG	Setting recommended pref dom.disable_beforeunload to true
1548204126377	Marionette	DEBUG	Setting recommended pref toolkit.cosmeticAnimations.enabled to false
Fontconfig error: "/home/hira/.config/fontconfig/fonts.conf", line 1: no element found
Fontconfig error: "/home/hira/.fonts.conf", line 1: no element found
1548204126411	Marionette	INFO	Listening on port 41163
1548204126412	Marionette	DEBUG	Remote service is active
1548204126474	Marionette	DEBUG	Accepted connection 0 from 127.0.0.1:52470
1548204126475	Marionette	TRACE	0 -> [0,1,"newSession",{"acceptInsecureCerts":true,"browserName":"firefox","capabilities":{"desiredCapabilities":{"acceptInsecureCerts":true,"browserName":"firefox"}}}]
1548204126476	Marionette	TRACE	0 <- [1,1,{"error":"unknown command","message":"newSession","stacktrace":"WebDriverError@chrome://marionette/content/error.js:178: ... et@chrome://marionette/content/server.js:236:8\n_onJSONObjectReady/<@chrome://marionette/content/transport.js:490:9\n"},null]
[Child 20913, Chrome_ChildThread] WARNING: pipe error (3): Connection reset by peer: file /build/firefox-wWf_B4/firefox-64.0+build3/ipc/chromium/src/chrome/common/ipc_channel_posix.cc, line 363
1552479421016	geckodriver	INFO	geckodriver 0.19.1
1552479421029	geckodriver	INFO	Listening on 127.0.0.1:53001
1548204669471	mozrunner::runner	INFO	Running command: "/usr/bin/firefox" "-marionette" "-profile" "/tmp/rust_mozprofile.7hFuk7rfQU5X"
1548204669738	addons.webextension.screenshots@mozilla.org	WARN	Loading extension 'screenshots@mozilla.org': Reading manifest: Invalid host permission: resource://pdf.js/
1548204669738	addons.webextension.screenshots@mozilla.org	WARN	Loading extension 'screenshots@mozilla.org': Reading manifest: Invalid host permission: about:reader*
1548204669822	Marionette	DEBUG	Received observer notification profile-after-change
Fontconfig error: "/home/hira/.config/fontconfig/fonts.conf", line 1: no element found
Fontconfig error: "/home/hira/.fonts.conf", line 1: no element found
1548204670141	Marionette	DEBUG	Received observer notification command-line-startup
1548204670141	Marionette	DEBUG	Received observer notification nsPref:changed
1548204670141	Marionette	DEBUG	Init aborted (running=false, enabled=true, finalUIStartup=false)
1548204671253	Marionette	DEBUG	Received observer notification toplevel-window-ready
Fontconfig error: "/home/hira/.config/fontconfig/fonts.conf", line 1: no element found
Fontconfig error: "/home/hira/.fonts.conf", line 1: no element found
Fontconfig error: "/home/hira/.config/fontconfig/fonts.conf", line 1: no element found
Fontconfig error: "/home/hira/.fonts.conf", line 1: no element found
1548204672489	Marionette	DEBUG	Received observer notification sessionstore-windows-restored
1548204672489	Marionette	DEBUG	Waiting for delayed startup...
1548204672636	Marionette	DEBUG	Setting recommended pref app.update.disabledForTesting to true
1548204672636	Marionette	DEBUG	Setting recommended pref security.turn_off_all_security_so_that_viruses_can_take_over_this_computer to true
1548204672637	Marionette	DEBUG	Setting recommended pref browser.contentblocking.introCount to 99
1548204672637	Marionette	DEBUG	Setting recommended pref datareporting.policy.dataSubmissionPolicyAccepted to false
1548204672637	Marionette	DEBUG	Setting recommended pref dom.disable_beforeunload to true
1548204672637	Marionette	DEBUG	Setting recommended pref toolkit.cosmeticAnimations.enabled to false
Fontconfig error: "/home/hira/.config/fontconfig/fonts.conf", line 1: no element found
Fontconfig error: "/home/hira/.fonts.conf", line 1: no element found
1548204672672	Marionette	INFO	Listening on port 43583
1548204672672	Marionette	DEBUG	Remote service is active
1548204672682	Marionette	DEBUG	Accepted connection 0 from 127.0.0.1:42912
1548204672685	Marionette	TRACE	0 -> [0,1,"newSession",{"acceptInsecureCerts":true,"browserName":"firefox","capabilities":{"desiredCapabilities":{"acceptInsecureCerts":true,"browserName":"firefox"}}}]
1548204672685	Marionette	TRACE	0 <- [1,1,{"error":"unknown command","message":"newSession","stacktrace":"WebDriverError@chrome://marionette/content/error.js:178: ... et@chrome://marionette/content/server.js:236:8\n_onJSONObjectReady/<@chrome://marionette/content/transport.js:490:9\n"},null]
[Child 22457, Chrome_ChildThread] WARNING: pipe error (50): Connection reset by peer: file /build/firefox-wWf_B4/firefox-64.0+build3/ipc/chromium/src/chrome/common/ipc_channel_posix.cc, line 363
[Child 22457, Chrome_ChildThread] WARNING: pipe error (49): Connection reset by peer: file /build/firefox-wWf_B4/firefox-64.0+build3/ipc/chromium/src/chrome/common/ipc_channel_posix.cc, line 363
[Child 22457, Chrome_ChildThread] WARNING: pipe error (45): Connection reset by peer: file /build/firefox-wWf_B4/firefox-64.0+build3/ipc/chromium/src/chrome/common/ipc_channel_posix.cc, line 363
[Child 22457, Chrome_ChildThread] WARNING: pipe error (44): Connection reset by peer: file /build/firefox-wWf_B4/firefox-64.0+build3/ipc/chromium/src/chrome/common/ipc_channel_posix.cc, line 363
[Child 22391, Chrome_ChildThread] WARNING: pipe error (3): Connection reset by peer: file /build/firefox-wWf_B4/firefox-64.0+build3/ipc/chromium/src/chrome/common/ipc_channel_posix.cc, line 363
[Child 22457, Chrome_ChildThread] WARNING: pipe error (43): Connection reset by peer: file /build/firefox-wWf_B4/firefox-64.0+build3/ipc/chromium/src/chrome/common/ipc_channel_posix.cc, line 363
[Child 22457, Chrome_ChildThread] WARNING: pipe error (3): Connection reset by peer: file /build/firefox-wWf_B4/firefox-64.0+build3/ipc/chromium/src/chrome/common/ipc_channel_posix.cc, line 363
1552479421010	geckodriver	INFO	geckodriver 0.19.1
1552479421017	geckodriver	INFO	Listening on 127.0.0.1:40349
1548204693186	mozrunner::runner	INFO	Running command: "/usr/bin/firefox" "-marionette" "-profile" "/tmp/rust_mozprofile.E89RjRepUyh8"
1548204693464	addons.webextension.screenshots@mozilla.org	WARN	Loading extension 'screenshots@mozilla.org': Reading manifest: Invalid host permission: resource://pdf.js/
1548204693464	addons.webextension.screenshots@mozilla.org	WARN	Loading extension 'screenshots@mozilla.org': Reading manifest: Invalid host permission: about:reader*
1548204693548	Marionette	DEBUG	Received observer notification profile-after-change
Fontconfig error: "/home/hira/.config/fontconfig/fonts.conf", line 1: no element found
Fontconfig error: "/home/hira/.fonts.conf", line 1: no element found
1548204694179	Marionette	DEBUG	Received observer notification command-line-startup
1548204694179	Marionette	DEBUG	Received observer notification nsPref:changed
1548204694179	Marionette	DEBUG	Init aborted (running=false, enabled=true, finalUIStartup=false)
1548204695018	Marionette	DEBUG	Received observer notification toplevel-window-ready
Fontconfig error: "/home/hira/.config/fontconfig/fonts.conf", line 1: no element found
Fontconfig error: "/home/hira/.fonts.conf", line 1: no element found
Fontconfig error: "/home/hira/.config/fontconfig/fonts.conf", line 1: no element found
Fontconfig error: "/home/hira/.fonts.conf", line 1: no element found
1548204696600	Marionette	DEBUG	Received observer notification sessionstore-windows-restored
1548204696600	Marionette	DEBUG	Waiting for delayed startup...
1548204696723	Marionette	DEBUG	Setting recommended pref app.update.disabledForTesting to true
1548204696723	Marionette	DEBUG	Setting recommended pref security.turn_off_all_security_so_that_viruses_can_take_over_this_computer to true
1548204696724	Marionette	DEBUG	Setting recommended pref browser.contentblocking.introCount to 99
1548204696724	Marionette	DEBUG	Setting recommended pref datareporting.policy.dataSubmissionPolicyAccepted to false
1548204696724	Marionette	DEBUG	Setting recommended pref dom.disable_beforeunload to true
1548204696724	Marionette	DEBUG	Setting recommended pref toolkit.cosmeticAnimations.enabled to false
Fontconfig error: "/home/hira/.config/fontconfig/fonts.conf", line 1: no element found
Fontconfig error: "/home/hira/.fonts.conf", line 1: no element found
1548204696760	Marionette	INFO	Listening on port 34493
1548204696760	Marionette	DEBUG	Remote service is active
1548204696806	Marionette	DEBUG	Accepted connection 0 from 127.0.0.1:52100
1548204696807	Marionette	TRACE	0 -> [0,1,"newSession",{"acceptInsecureCerts":true,"browserName":"firefox","capabilities":{"desiredCapabilities":{"acceptInsecureCerts":true,"browserName":"firefox"}}}]
1548204696807	Marionette	TRACE	0 <- [1,1,{"error":"unknown command","message":"newSession","stacktrace":"WebDriverError@chrome://marionette/content/error.js:178: ... et@chrome://marionette/content/server.js:236:8\n_onJSONObjectReady/<@chrome://marionette/content/transport.js:490:9\n"},null]
[Child 22796, Chrome_ChildThread] WARNING: pipe error (46): Connection reset by peer: file /build/firefox-wWf_B4/firefox-64.0+build3/ipc/chromium/src/chrome/common/ipc_channel_posix.cc, line 363
[Child 22796, Chrome_ChildThread] WARNING: pipe error (45): Connection reset by peer: file /build/firefox-wWf_B4/firefox-64.0+build3/ipc/chromium/src/chrome/common/ipc_channel_posix.cc, line 363
[Child 22796, Chrome_ChildThread] WARNING: pipe error (43): Connection reset by peer: file /build/firefox-wWf_B4/firefox-64.0+build3/ipc/chromium/src/chrome/common/ipc_channel_posix.cc, line 363
[Child 22796, Chrome_ChildThread] WARNING: pipe error (42): Connection reset by peer: file /build/firefox-wWf_B4/firefox-64.0+build3/ipc/chromium/src/chrome/common/ipc_channel_posix.cc, line 363
1552479421007	geckodriver	INFO	geckodriver 0.19.1
1552479421013	geckodriver	INFO	Listening on 127.0.0.1:46641
1548205426418	mozrunner::runner	INFO	Running command: "/usr/bin/firefox" "-marionette" "-profile" "/tmp/rust_mozprofile.2A6ym8d4W1ly"
1548205426684	addons.webextension.screenshots@mozilla.org	WARN	Loading extension 'screenshots@mozilla.org': Reading manifest: Invalid host permission: resource://pdf.js/
1548205426684	addons.webextension.screenshots@mozilla.org	WARN	Loading extension 'screenshots@mozilla.org': Reading manifest: Invalid host permission: about:reader*
1548205426768	Marionette	DEBUG	Received observer notification profile-after-change
Fontconfig error: "/home/hira/.config/fontconfig/fonts.conf", line 1: no element found
Fontconfig error: "/home/hira/.fonts.conf", line 1: no element found
1548205427111	Marionette	DEBUG	Received observer notification command-line-startup
1548205427111	Marionette	DEBUG	Received observer notification nsPref:changed
1548205427111	Marionette	DEBUG	Init aborted (running=false, enabled=true, finalUIStartup=false)
1548205428282	Marionette	DEBUG	Received observer notification toplevel-window-ready
Fontconfig error: "/home/hira/.config/fontconfig/fonts.conf", line 1: no element found
Fontconfig error: "/home/hira/.fonts.conf", line 1: no element found
Fontconfig error: "/home/hira/.config/fontconfig/fonts.conf", line 1: no element found
Fontconfig error: "/home/hira/.fonts.conf", line 1: no element found
1548205429875	Marionette	DEBUG	Received observer notification sessionstore-windows-restored
1548205429875	Marionette	DEBUG	Waiting for delayed startup...
Fontconfig error: "/home/hira/.config/fontconfig/fonts.conf", line 1: no element found
Fontconfig error: "/home/hira/.fonts.conf", line 1: no element found
1548205430050	Marionette	DEBUG	Setting recommended pref app.update.disabledForTesting to true
1548205430050	Marionette	DEBUG	Setting recommended pref security.turn_off_all_security_so_that_viruses_can_take_over_this_computer to true
1548205430051	Marionette	DEBUG	Setting recommended pref browser.contentblocking.introCount to 99
1548205430052	Marionette	DEBUG	Setting recommended pref datareporting.policy.dataSubmissionPolicyAccepted to false
1548205430052	Marionette	DEBUG	Setting recommended pref dom.disable_beforeunload to true
1548205430052	Marionette	DEBUG	Setting recommended pref toolkit.cosmeticAnimations.enabled to false
1548205430085	Marionette	INFO	Listening on port 42913
1548205430085	Marionette	DEBUG	Remote service is active
1548205430131	Marionette	DEBUG	Accepted connection 0 from 127.0.0.1:42156
1548205430132	Marionette	TRACE	0 -> [0,1,"newSession",{"acceptInsecureCerts":true,"browserName":"firefox","capabilities":{"desiredCapabilities":{"acceptInsecureCerts":true,"browserName":"firefox"}}}]
1548205430133	Marionette	TRACE	0 <- [1,1,{"error":"unknown command","message":"newSession","stacktrace":"WebDriverError@chrome://marionette/content/error.js:178: ... et@chrome://marionette/content/server.js:236:8\n_onJSONObjectReady/<@chrome://marionette/content/transport.js:490:9\n"},null]
1548205669639	mozrunner::runner	INFO	Running command: "/usr/bin/firefox" "-marionette" "-foreground" "-no-remote" "-profile" "/tmp/rust_mozprofile.cYtpGD0QCzCJ"
1548205669937	addons.webextension.screenshots@mozilla.org	WARN	Loading extension 'screenshots@mozilla.org': Reading manifest: Invalid host permission: resource://pdf.js/
1548205669937	addons.webextension.screenshots@mozilla.org	WARN	Loading extension 'screenshots@mozilla.org': Reading manifest: Invalid host permission: about:reader*
Fontconfig error: "/home/hira/.config/fontconfig/fonts.conf", line 1: no element found
Fontconfig error: "/home/hira/.fonts.conf", line 1: no element found
Fontconfig error: "/home/hira/.config/fontconfig/fonts.conf", line 1: no element found
Fontconfig error: "/home/hira/.fonts.conf", line 1: no element found
Fontconfig error: "/home/hira/.config/fontconfig/fonts.conf", line 1: no element found
Fontconfig error: "/home/hira/.fonts.conf", line 1: no element found
Fontconfig error: "/home/hira/.config/fontconfig/fonts.conf", line 1: no element found
Fontconfig error: "/home/hira/.fonts.conf", line 1: no element found
1548205673137	Marionette	INFO	Listening on port 44769
1548205673157	Marionette	WARN	TLS certificate errors will be ignored for this session
Fontconfig error: "/home/hira/.config/fontconfig/fonts.conf", line 1: no element found
Fontconfig error: "/home/hira/.fonts.conf", line 1: no element found
1548205683064	Marionette	INFO	Stopped listening on port 44769
[Parent 24644, Gecko_IOThread] WARNING: pipe error (108): Connection reset by peer: file /build/firefox-wWf_B4/firefox-64.0+build3/ipc/chromium/src/chrome/common/ipc_channel_posix.cc, line 363
[Parent 24644, Gecko_IOThread] WARNING: pipe error (78): Connection reset by peer: file /build/firefox-wWf_B4/firefox-64.0+build3/ipc/chromium/src/chrome/common/ipc_channel_posix.cc, line 363
1548205685555	mozrunner::runner	INFO	Running command: "/usr/bin/firefox" "-marionette" "-foreground" "-no-remote" "-profile" "/tmp/rust_mozprofile.y30SbKNb35ZI"
1548205685882	addons.webextension.screenshots@mozilla.org	WARN	Loading extension 'screenshots@mozilla.org': Reading manifest: Invalid host permission: resource://pdf.js/
1548205685882	addons.webextension.screenshots@mozilla.org	WARN	Loading extension 'screenshots@mozilla.org': Reading manifest: Invalid host permission: about:reader*
Fontconfig error: "/home/hira/.config/fontconfig/fonts.conf", line 1: no element found
Fontconfig error: "/home/hira/.fonts.conf", line 1: no element found
Fontconfig error: "/home/hira/.config/fontconfig/fonts.conf", line 1: no element found
Fontconfig error: "/home/hira/.fonts.conf", line 1: no element found
Fontconfig error: "/home/hira/.config/fontconfig/fonts.conf", line 1: no element found
Fontconfig error: "/home/hira/.fonts.conf", line 1: no element found
Fontconfig error: "/home/hira/.config/fontconfig/fonts.conf", line 1: no element found
Fontconfig error: "/home/hira/.fonts.conf", line 1: no element found
1548205691541	Marionette	INFO	Listening on port 38735
1548205691576	Marionette	WARN	TLS certificate errors will be ignored for this session
JavaScript error: resource://activity-stream/lib/ActivityStreamPrefs.jsm, line 29: NS_ERROR_ILLEGAL_VALUE: Component returned failure code: 0x80070057 (NS_ERROR_ILLEGAL_VALUE) [nsIPrefBranch.removeObserver]
[Parent 25005, Gecko_IOThread] WARNING: pipe error (77): Connection reset by peer: file /build/firefox-wWf_B4/firefox-64.0+build3/ipc/chromium/src/chrome/common/ipc_channel_posix.cc, line 363
[Parent 25005, Gecko_IOThread] WARNING: pipe error (85): Connection reset by peer: file /build/firefox-wWf_B4/firefox-64.0+build3/ipc/chromium/src/chrome/common/ipc_channel_posix.cc, line 363
JavaScript error: resource://gre/modules/JSONFile.jsm, line 159: Error: Data is not ready.
1552479422017	mozrunner::runner	INFO	Running command: "/usr/bin/firefox" "-marionette" "-foreground" "-no-remote" "-profile" "/tmp/rust_mozprofile.m5PuSDKNUxhk"
1552479422298	addons.webextension.screenshots@mozilla.org	WARN	Loading extension 'screenshots@mozilla.org': Reading manifest: Invalid host permission: resource://pdf.js/
1552479422298	addons.webextension.screenshots@mozilla.org	WARN	Loading extension 'screenshots@mozilla.org': Reading manifest: Invalid host permission: about:reader*
Fontconfig error: "/home/hira/.config/fontconfig/fonts.conf", line 1: no element found
Fontconfig error: "/home/hira/.fonts.conf", line 1: no element found
Fontconfig error: "/home/hira/.config/fontconfig/fonts.conf", line 1: no element found
Fontconfig error: "/home/hira/.fonts.conf", line 1: no element found
Fontconfig error: "/home/hira/.config/fontconfig/fonts.conf", line 1: no element found
Fontconfig error: "/home/hira/.fonts.conf", line 1: no element found
Fontconfig error: "/home/hira/.config/fontconfig/fonts.conf", line 1: no element found
Fontconfig error: "/home/hira/.fonts.conf", line 1: no element found
1552479425282	Marionette	INFO	Listening on port 37111
1552479425338	Marionette	WARN	TLS certificate errors will be ignored for this session
1552479432322	Marionette	INFO	Stopped listening on port 37111
[Parent 25404, Gecko_IOThread] WARNING: pipe error (78): Connection reset by peer: file /build/firefox-wWf_B4/firefox-64.0+build3/ipc/chromium/src/chrome/common/ipc_channel_posix.cc, line 363
1552479423015	mozrunner::runner	INFO	Running command: "/usr/bin/firefox" "-marionette" "-foreground" "-no-remote" "-profile" "/tmp/rust_mozprofile.TixCMWxzmE6H"
1552479423430	addons.webextension.screenshots@mozilla.org	WARN	Loading extension 'screenshots@mozilla.org': Reading manifest: Invalid host permission: resource://pdf.js/
1552479423431	addons.webextension.screenshots@mozilla.org	WARN	Loading extension 'screenshots@mozilla.org': Reading manifest: Invalid host permission: about:reader*
Fontconfig error: "/home/hira/.config/fontconfig/fonts.conf", line 1: no element found
Fontconfig error: "/home/hira/.fonts.conf", line 1: no element found
Fontconfig error: "/home/hira/.config/fontconfig/fonts.conf", line 1: no element found
Fontconfig error: "/home/hira/.fonts.conf", line 1: no element found
Fontconfig error: "/home/hira/.config/fontconfig/fonts.conf", line 1: no element found
Fontconfig error: "/home/hira/.fonts.conf", line 1: no element found
1552479427894	Marionette	INFO	Listening on port 34059
Fontconfig error: "/home/hira/.config/fontconfig/fonts.conf", line 1: no element found
Fontconfig error: "/home/hira/.fonts.conf", line 1: no element found
1552479427939	Marionette	WARN	TLS certificate errors will be ignored for this session
1552479434972	Marionette	INFO	Stopped listening on port 34059
[Parent 25728, Gecko_IOThread] WARNING: pipe error (78): Connection reset by peer: file /build/firefox-wWf_B4/firefox-64.0+build3/ipc/chromium/src/chrome/common/ipc_channel_posix.cc, line 363
1552479424015	mozrunner::runner	INFO	Running command: "/usr/bin/firefox" "-marionette" "-foreground" "-no-remote" "-profile" "/tmp/rust_mozprofile.oIl8zHFcHxqZ"
1552479424367	addons.webextension.screenshots@mozilla.org	WARN	Loading extension 'screenshots@mozilla.org': Reading manifest: Invalid host permission: resource://pdf.js/
1552479424367	addons.webextension.screenshots@mozilla.org	WARN	Loading extension 'screenshots@mozilla.org': Reading manifest: Invalid host permission: about:reader*
Fontconfig error: "/home/hira/.config/fontconfig/fonts.conf", line 1: no element found
Fontconfig error: "/home/hira/.fonts.conf", line 1: no element found
Fontconfig error: "/home/hira/.config/fontconfig/fonts.conf", line 1: no element found
Fontconfig error: "/home/hira/.fonts.conf", line 1: no element found
Fontconfig error: "/home/hira/.config/fontconfig/fonts.conf", line 1: no element found
Fontconfig error: "/home/hira/.fonts.conf", line 1: no element found
Fontconfig error: "/home/hira/.config/fontconfig/fonts.conf", line 1: no element found
Fontconfig error: "/home/hira/.fonts.conf", line 1: no element found
1552479429659	Marionette	INFO	Listening on port 32777
1552479429925	Marionette	WARN	TLS certificate errors will be ignored for this session
1552479436909	Marionette	INFO	Stopped listening on port 32777
[Parent 26062, Gecko_IOThread] WARNING: pipe error (78): Connection reset by peer: file /build/firefox-wWf_B4/firefox-64.0+build3/ipc/chromium/src/chrome/common/ipc_channel_posix.cc, line 363
1552479425022	mozrunner::runner	INFO	Running command: "/usr/bin/firefox" "-marionette" "-foreground" "-no-remote" "-profile" "/tmp/rust_mozprofile.774l7CUpyST5"
1552479425446	addons.webextension.screenshots@mozilla.org	WARN	Loading extension 'screenshots@mozilla.org': Reading manifest: Invalid host permission: resource://pdf.js/
1552479425446	addons.webextension.screenshots@mozilla.org	WARN	Loading extension 'screenshots@mozilla.org': Reading manifest: Invalid host permission: about:reader*
Fontconfig error: "/home/hira/.config/fontconfig/fonts.conf", line 1: no element found
Fontconfig error: "/home/hira/.fonts.conf", line 1: no element found
Fontconfig error: "/home/hira/.config/fontconfig/fonts.conf", line 1: no element found
Fontconfig error: "/home/hira/.fonts.conf", line 1: no element found
Fontconfig error: "/home/hira/.config/fontconfig/fonts.conf", line 1: no element found
Fontconfig error: "/home/hira/.fonts.conf", line 1: no element found
Fontconfig error: "/home/hira/.config/fontconfig/fonts.conf", line 1: no element found
Fontconfig error: "/home/hira/.fonts.conf", line 1: no element found
1552479431431	Marionette	INFO	Listening on port 36957
1552479431456	Marionette	WARN	TLS certificate errors will be ignored for this session
JavaScript error: resource://activity-stream/lib/ActivityStreamPrefs.jsm, line 29: NS_ERROR_ILLEGAL_VALUE: Component returned failure code: 0x80070057 (NS_ERROR_ILLEGAL_VALUE) [nsIPrefBranch.removeObserver]
[Parent 26385, Gecko_IOThread] WARNING: pipe error (78): Connection reset by peer: file /build/firefox-wWf_B4/firefox-64.0+build3/ipc/chromium/src/chrome/common/ipc_channel_posix.cc, line 363
[Parent 26385, Gecko_IOThread] WARNING: pipe error (84): Connection reset by peer: file /build/firefox-wWf_B4/firefox-64.0+build3/ipc/chromium/src/chrome/common/ipc_channel_posix.cc, line 363
console.error: PushService: 
  clearOriginData: Error clearing origin data:
  AbortError
console.error: PushService: 
  stateChangeProcessEnqueue: Error transitioning state
  AbortError

###!!! [Parent][DispatchAsyncMessage] Error: PBackgroundIDBFactory::Msg_PBackgroundIDBFactoryRequestConstructor Value error: message was deserialized, but contained an illegal value


###!!! [Parent][DispatchAsyncMessage] Error: PBackgroundIDBFactory::Msg_PBackgroundIDBFactoryRequestConstructor Value error: message was deserialized, but contained an illegal value

1552479438101	Marionette	INFO	Stopped listening on port 36957
1548285132132	mozrunner::runner	INFO	Running command: "/usr/bin/firefox" "-marionette" "-foreground" "-no-remote" "-profile" "/tmp/rust_mozprofile.MgaIlMXKkG7v"
1548285141420	addons.webextension.screenshots@mozilla.org	WARN	Loading extension 'screenshots@mozilla.org': Reading manifest: Invalid host permission: resource://pdf.js/
1548285141421	addons.webextension.screenshots@mozilla.org	WARN	Loading extension 'screenshots@mozilla.org': Reading manifest: Invalid host permission: about:reader*
Fontconfig error: "/home/hira/.config/fontconfig/fonts.conf", line 1: no element found
Fontconfig error: "/home/hira/.fonts.conf", line 1: no element found
Fontconfig error: "/home/hira/.config/fontconfig/fonts.conf", line 1: no element found
Fontconfig error: "/home/hira/.fonts.conf", line 1: no element found
Fontconfig error: "/home/hira/.config/fontconfig/fonts.conf", line 1: no element found
Fontconfig error: "/home/hira/.fonts.conf", line 1: no element found
Fontconfig error: "/home/hira/.config/fontconfig/fonts.conf", line 1: no element found
Fontconfig error: "/home/hira/.fonts.conf", line 1: no element found
1548285153208	Marionette	INFO	Listening on port 43379
1548285153293	Marionette	WARN	TLS certificate errors will be ignored for this session
Fontconfig error: "/home/hira/.config/fontconfig/fonts.conf", line 1: no element found
Fontconfig error: "/home/hira/.fonts.conf", line 1: no element found
Fontconfig warning: Directory/file mtime in the future. New fonts may not be detected.
Fontconfig warning: Directory/file mtime in the future. New fonts may not be detected.
[Parent 19979, Gecko_IOThread] WARNING: pipe error (94): Connection reset by peer: file /build/firefox-wWf_B4/firefox-64.0+build3/ipc/chromium/src/chrome/common/ipc_channel_posix.cc, line 363
[Parent 19979, Gecko_IOThread] WARNING: pipe error (91): Connection reset by peer: file /build/firefox-wWf_B4/firefox-64.0+build3/ipc/chromium/src/chrome/common/ipc_channel_posix.cc, line 363
1548285223997	Marionette	INFO	Stopped listening on port 43379
1552479422501	mozrunner::runner	INFO	Running command: "/usr/bin/firefox" "-marionette" "-foreground" "-no-remote" "-profile" "/tmp/rust_mozprofile.iq0N6wEiEJ6F"
1552479422794	addons.webextension.screenshots@mozilla.org	WARN	Loading extension 'screenshots@mozilla.org': Reading manifest: Invalid host permission: resource://pdf.js/
1552479422795	addons.webextension.screenshots@mozilla.org	WARN	Loading extension 'screenshots@mozilla.org': Reading manifest: Invalid host permission: about:reader*
Fontconfig error: "/home/hira/.config/fontconfig/fonts.conf", line 1: no element found
Fontconfig error: "/home/hira/.fonts.conf", line 1: no element found
Fontconfig error: "/home/hira/.config/fontconfig/fonts.conf", line 1: no element found
Fontconfig error: "/home/hira/.fonts.conf", line 1: no element found
Fontconfig error: "/home/hira/.config/fontconfig/fonts.conf", line 1: no element found
Fontconfig error: "/home/hira/.fonts.conf", line 1: no element found
Fontconfig error: "/home/hira/.config/fontconfig/fonts.conf", line 1: no element found
Fontconfig error: "/home/hira/.fonts.conf", line 1: no element found
1552479428606	Marionette	INFO	Listening on port 44765
1552479428621	Marionette	WARN	TLS certificate errors will be ignored for this session
JavaScript error: chrome://browser/content/browser-siteIdentity.js, line 301: NS_ERROR_XPC_JSOBJECT_HAS_NO_FUNCTION_NAMED: JavaScript component does not have a method named: "clearValidityOverride"'JavaScript component does not have a method named: "clearValidityOverride"' when calling method: [nsICertOverrideService::clearValidityOverride]
[Parent 22457, Gecko_IOThread] WARNING: pipe error (78): Connection reset by peer: file /build/firefox-wWf_B4/firefox-64.0+build3/ipc/chromium/src/chrome/common/ipc_channel_posix.cc, line 363
[Parent 22457, Gecko_IOThread] WARNING: pipe error (63): Connection reset by peer: file /build/firefox-wWf_B4/firefox-64.0+build3/ipc/chromium/src/chrome/common/ipc_channel_posix.cc, line 363
1552479472594	Marionette	INFO	Stopped listening on port 44765
1552479422719	mozrunner::runner	INFO	Running command: "/usr/bin/firefox" "-marionette" "-foreground" "-no-remote" "-profile" "/tmp/rust_mozprofile.XojYxylh86Ne"
1552479423000	addons.webextension.screenshots@mozilla.org	WARN	Loading extension 'screenshots@mozilla.org': Reading manifest: Invalid host permission: resource://pdf.js/
1552479423001	addons.webextension.screenshots@mozilla.org	WARN	Loading extension 'screenshots@mozilla.org': Reading manifest: Invalid host permission: about:reader*
Fontconfig error: "/home/hira/.config/fontconfig/fonts.conf", line 1: no element found
Fontconfig error: "/home/hira/.fonts.conf", line 1: no element found
Fontconfig error: "/home/hira/.config/fontconfig/fonts.conf", line 1: no element found
Fontconfig error: "/home/hira/.fonts.conf", line 1: no element found
1552479428167	Marionette	INFO	Listening on port 34945
1552479428245	Marionette	WARN	TLS certificate errors will be ignored for this session
Fontconfig error: "/home/hira/.config/fontconfig/fonts.conf", line 1: no element found
Fontconfig error: "/home/hira/.fonts.conf", line 1: no element found
Fontconfig error: "/home/hira/.config/fontconfig/fonts.conf", line 1: no element found
Fontconfig error: "/home/hira/.fonts.conf", line 1: no element found
Fontconfig error: "/home/hira/.config/fontconfig/fonts.conf", line 1: no element found
Fontconfig error: "/home/hira/.fonts.conf", line 1: no element found
console.error: BroadcastService: 
  receivedBroadcastMessage: handler for
  remote-settings/monitor_changes
  threw error:
  Message: Error: Polling for changes failed: NetworkError when attempting to fetch resource..
  Stack:
    remoteSettingsFunction/remoteSettings.pollChanges@resource://services-settings/remote-settings.js:750:13

JavaScript error: chrome://browser/content/browser-siteIdentity.js, line 301: NS_ERROR_XPC_JSOBJECT_HAS_NO_FUNCTION_NAMED: JavaScript component does not have a method named: "clearValidityOverride"'JavaScript component does not have a method named: "clearValidityOverride"' when calling method: [nsICertOverrideService::clearValidityOverride]
JavaScript error: chrome://browser/content/browser-siteIdentity.js, line 301: NS_ERROR_XPC_JSOBJECT_HAS_NO_FUNCTION_NAMED: JavaScript component does not have a method named: "clearValidityOverride"'JavaScript component does not have a method named: "clearValidityOverride"' when calling method: [nsICertOverrideService::clearValidityOverride]
[Parent 23027, Gecko_IOThread] WARNING: pipe error (84): Connection reset by peer: file /build/firefox-wWf_B4/firefox-64.0+build3/ipc/chromium/src/chrome/common/ipc_channel_posix.cc, line 363
[Parent 23027, Gecko_IOThread] WARNING: pipe error (78): Connection reset by peer: file /build/firefox-wWf_B4/firefox-64.0+build3/ipc/chromium/src/chrome/common/ipc_channel_posix.cc, line 363
1552479588262	Marionette	INFO	Stopped listening on port 34945
1548287964267	mozrunner::runner	INFO	Running command: "/usr/bin/firefox" "-marionette" "-foreground" "-no-remote" "-profile" "/tmp/rust_mozprofile.aWwwhouQZ6hT"
1548287964523	addons.webextension.screenshots@mozilla.org	WARN	Loading extension 'screenshots@mozilla.org': Reading manifest: Invalid host permission: resource://pdf.js/
1548287964523	addons.webextension.screenshots@mozilla.org	WARN	Loading extension 'screenshots@mozilla.org': Reading manifest: Invalid host permission: about:reader*
Fontconfig error: "/home/hira/.config/fontconfig/fonts.conf", line 1: no element found
Fontconfig error: "/home/hira/.fonts.conf", line 1: no element found
Fontconfig error: "/home/hira/.config/fontconfig/fonts.conf", line 1: no element found
Fontconfig error: "/home/hira/.fonts.conf", line 1: no element found
Fontconfig error: "/home/hira/.config/fontconfig/fonts.conf", line 1: no element found
Fontconfig error: "/home/hira/.fonts.conf", line 1: no element found
1548287967263	Marionette	INFO	Listening on port 42671
1548287967280	Marionette	WARN	TLS certificate errors will be ignored for this session
Fontconfig error: "/home/hira/.config/fontconfig/fonts.conf", line 1: no element found
Fontconfig error: "/home/hira/.fonts.conf", line 1: no element found
Fontconfig error: "/home/hira/.config/fontconfig/fonts.conf", line 1: no element found
Fontconfig error: "/home/hira/.fonts.conf", line 1: no element found
Fontconfig warning: Directory/file mtime in the future. New fonts may not be detected.
Fontconfig error: "/home/hira/.config/fontconfig/fonts.conf", line 1: no element found
Fontconfig error: "/home/hira/.fonts.conf", line 1: no element found
Fontconfig warning: Directory/file mtime in the future. New fonts may not be detected.
Fontconfig warning: Directory/file mtime in the future. New fonts may not be detected.
Fontconfig error: "/home/hira/.config/fontconfig/fonts.conf", line 1: no element found
Fontconfig error: "/home/hira/.fonts.conf", line 1: no element found
Fontconfig warning: Directory/file mtime in the future. New fonts may not be detected.
Fontconfig warning: Directory/file mtime in the future. New fonts may not be detected.
console.error: BroadcastService: 
  receivedBroadcastMessage: handler for
  remote-settings/monitor_changes
  threw error:
  Message: Error: Polling for changes failed: NetworkError when attempting to fetch resource..
  Stack:
    remoteSettingsFunction/remoteSettings.pollChanges@resource://services-settings/remote-settings.js:750:13

Fontconfig warning: Directory/file mtime in the future. New fonts may not be detected.
Fontconfig warning: Directory/file mtime in the future. New fonts may not be detected.
Fontconfig warning: Directory/file mtime in the future. New fonts may not be detected.
Fontconfig warning: Directory/file mtime in the future. New fonts may not be detected.
Fontconfig error: "/home/hira/.config/fontconfig/fonts.conf", line 1: no element found
Fontconfig error: "/home/hira/.fonts.conf", line 1: no element found
Fontconfig warning: Directory/file mtime in the future. New fonts may not be detected.
Fontconfig warning: Directory/file mtime in the future. New fonts may not be detected.
Fontconfig warning: Directory/file mtime in the future. New fonts may not be detected.
Fontconfig warning: Directory/file mtime in the future. New fonts may not be detected.
Fontconfig warning: Directory/file mtime in the future. New fonts may not be detected.
Fontconfig warning: Directory/file mtime in the future. New fonts may not be detected.
Fontconfig warning: Directory/file mtime in the future. New fonts may not be detected.
Fontconfig warning: Directory/file mtime in the future. New fonts may not be detected.
Fontconfig warning: Directory/file mtime in the future. New fonts may not be detected.
Fontconfig warning: Directory/file mtime in the future. New fonts may not be detected.
Fontconfig warning: Directory/file mtime in the future. New fonts may not be detected.
Fontconfig warning: Directory/file mtime in the future. New fonts may not be detected.
Fontconfig warning: Directory/file mtime in the future. New fonts may not be detected.
Fontconfig warning: Directory/file mtime in the future. New fonts may not be detected.
Fontconfig warning: Directory/file mtime in the future. New fonts may not be detected.
Fontconfig warning: Directory/file mtime in the future. New fonts may not be detected.
Fontconfig warning: Directory/file mtime in the future. New fonts may not be detected.
Fontconfig warning: Directory/file mtime in the future. New fonts may not be detected.
Fontconfig warning: Directory/file mtime in the future. New fonts may not be detected.
Fontconfig warning: Directory/file mtime in the future. New fonts may not be detected.
Fontconfig warning: Directory/file mtime in the future. New fonts may not be detected.
Fontconfig warning: Directory/file mtime in the future. New fonts may not be detected.
Fontconfig warning: Directory/file mtime in the future. New fonts may not be detected.
Fontconfig warning: Directory/file mtime in the future. New fonts may not be detected.
Fontconfig warning: Directory/file mtime in the future. New fonts may not be detected.
Fontconfig warning: Directory/file mtime in the future. New fonts may not be detected.
Fontconfig warning: Directory/file mtime in the future. New fonts may not be detected.
Fontconfig warning: Directory/file mtime in the future. New fonts may not be detected.
Fontconfig warning: Directory/file mtime in the future. New fonts may not be detected.
Fontconfig warning: Directory/file mtime in the future. New fonts may not be detected.
Fontconfig warning: Directory/file mtime in the future. New fonts may not be detected.
Fontconfig warning: Directory/file mtime in the future. New fonts may not be detected.
Fontconfig warning: Directory/file mtime in the future. New fonts may not be detected.
Fontconfig warning: Directory/file mtime in the future. New fonts may not be detected.
Fontconfig warning: Directory/file mtime in the future. New fonts may not be detected.
Fontconfig warning: Directory/file mtime in the future. New fonts may not be detected.
Fontconfig warning: Directory/file mtime in the future. New fonts may not be detected.
Fontconfig warning: Directory/file mtime in the future. New fonts may not be detected.
Fontconfig warning: Directory/file mtime in the future. New fonts may not be detected.
Fontconfig warning: Directory/file mtime in the future. New fonts may not be detected.
Fontconfig warning: Directory/file mtime in the future. New fonts may not be detected.
Fontconfig warning: Directory/file mtime in the future. New fonts may not be detected.
Fontconfig warning: Directory/file mtime in the future. New fonts may not be detected.
Fontconfig warning: Directory/file mtime in the future. New fonts may not be detected.
Fontconfig warning: Directory/file mtime in the future. New fonts may not be detected.
Fontconfig warning: Directory/file mtime in the future. New fonts may not be detected.
Fontconfig warning: Directory/file mtime in the future. New fonts may not be detected.
Fontconfig warning: Directory/file mtime in the future. New fonts may not be detected.
Fontconfig warning: Directory/file mtime in the future. New fonts may not be detected.
Fontconfig warning: Directory/file mtime in the future. New fonts may not be detected.
Fontconfig warning: Directory/file mtime in the future. New fonts may not be detected.
Fontconfig warning: Directory/file mtime in the future. New fonts may not be detected.
Fontconfig warning: Directory/file mtime in the future. New fonts may not be detected.
Fontconfig warning: Directory/file mtime in the future. New fonts may not be detected.
Fontconfig warning: Directory/file mtime in the future. New fonts may not be detected.
Fontconfig warning: Directory/file mtime in the future. New fonts may not be detected.
Fontconfig warning: Directory/file mtime in the future. New fonts may not be detected.
Fontconfig warning: Directory/file mtime in the future. New fonts may not be detected.
Fontconfig warning: Directory/file mtime in the future. New fonts may not be detected.
Fontconfig warning: Directory/file mtime in the future. New fonts may not be detected.
Fontconfig warning: Directory/file mtime in the future. New fonts may not be detected.
Fontconfig warning: Directory/file mtime in the future. New fonts may not be detected.
Fontconfig warning: Directory/file mtime in the future. New fonts may not be detected.
Fontconfig warning: Directory/file mtime in the future. New fonts may not be detected.
Fontconfig warning: Directory/file mtime in the future. New fonts may not be detected.
Fontconfig warning: Directory/file mtime in the future. New fonts may not be detected.
Fontconfig warning: Directory/file mtime in the future. New fonts may not be detected.
Fontconfig warning: Directory/file mtime in the future. New fonts may not be detected.
Fontconfig warning: Directory/file mtime in the future. New fonts may not be detected.
Fontconfig warning: Directory/file mtime in the future. New fonts may not be detected.
Fontconfig warning: Directory/file mtime in the future. New fonts may not be detected.
Fontconfig warning: Directory/file mtime in the future. New fonts may not be detected.
Fontconfig warning: Directory/file mtime in the future. New fonts may not be detected.
Fontconfig warning: Directory/file mtime in the future. New fonts may not be detected.
Fontconfig warning: Directory/file mtime in the future. New fonts may not be detected.
Fontconfig warning: Directory/file mtime in the future. New fonts may not be detected.
Fontconfig warning: Directory/file mtime in the future. New fonts may not be detected.
Fontconfig warning: Directory/file mtime in the future. New fonts may not be detected.
Fontconfig warning: Directory/file mtime in the future. New fonts may not be detected.
Fontconfig warning: Directory/file mtime in the future. New fonts may not be detected.
Fontconfig warning: Directory/file mtime in the future. New fonts may not be detected.
Fontconfig warning: Directory/file mtime in the future. New fonts may not be detected.
Fontconfig warning: Directory/file mtime in the future. New fonts may not be detected.
Fontconfig warning: Directory/file mtime in the future. New fonts may not be detected.
Fontconfig warning: Directory/file mtime in the future. New fonts may not be detected.
Fontconfig warning: Directory/file mtime in the future. New fonts may not be detected.
Fontconfig warning: Directory/file mtime in the future. New fonts may not be detected.
Fontconfig warning: Directory/file mtime in the future. New fonts may not be detected.
Fontconfig warning: Directory/file mtime in the future. New fonts may not be detected.
Fontconfig warning: Directory/file mtime in the future. New fonts may not be detected.
Fontconfig warning: Directory/file mtime in the future. New fonts may not be detected.
Fontconfig warning: Directory/file mtime in the future. New fonts may not be detected.
Fontconfig warning: Directory/file mtime in the future. New fonts may not be detected.
Fontconfig warning: Directory/file mtime in the future. New fonts may not be detected.
Fontconfig warning: Directory/file mtime in the future. New fonts may not be detected.
Fontconfig warning: Directory/file mtime in the future. New fonts may not be detected.
Fontconfig warning: Directory/file mtime in the future. New fonts may not be detected.
Fontconfig warning: Directory/file mtime in the future. New fonts may not be detected.
Fontconfig warning: Directory/file mtime in the future. New fonts may not be detected.
Fontconfig warning: Directory/file mtime in the future. New fonts may not be detected.
Fontconfig warning: Directory/file mtime in the future. New fonts may not be detected.
Fontconfig warning: Directory/file mtime in the future. New fonts may not be detected.
Fontconfig warning: Directory/file mtime in the future. New fonts may not be detected.
Fontconfig warning: Directory/file mtime in the future. New fonts may not be detected.
Fontconfig warning: Directory/file mtime in the future. New fonts may not be detected.
Fontconfig warning: Directory/file mtime in the future. New fonts may not be detected.
Fontconfig warning: Directory/file mtime in the future. New fonts may not be detected.
Fontconfig warning: Directory/file mtime in the future. New fonts may not be detected.
Fontconfig warning: Directory/file mtime in the future. New fonts may not be detected.
Fontconfig warning: Directory/file mtime in the future. New fonts may not be detected.
Fontconfig warning: Directory/file mtime in the future. New fonts may not be detected.
Fontconfig warning: Directory/file mtime in the future. New fonts may not be detected.
Fontconfig warning: Directory/file mtime in the future. New fonts may not be detected.
Fontconfig warning: Directory/file mtime in the future. New fonts may not be detected.
Fontconfig warning: Directory/file mtime in the future. New fonts may not be detected.
Fontconfig warning: Directory/file mtime in the future. New fonts may not be detected.
Fontconfig warning: Directory/file mtime in the future. New fonts may not be detected.
Fontconfig warning: Directory/file mtime in the future. New fonts may not be detected.
Fontconfig warning: Directory/file mtime in the future. New fonts may not be detected.
Fontconfig warning: Directory/file mtime in the future. New fonts may not be detected.
Fontconfig warning: Directory/file mtime in the future. New fonts may not be detected.
Fontconfig warning: Directory/file mtime in the future. New fonts may not be detected.
Fontconfig warning: Directory/file mtime in the future. New fonts may not be detected.
Fontconfig warning: Directory/file mtime in the future. New fonts may not be detected.
Fontconfig warning: Directory/file mtime in the future. New fonts may not be detected.
Fontconfig warning: Directory/file mtime in the future. New fonts may not be detected.
Fontconfig warning: Directory/file mtime in the future. New fonts may not be detected.
Fontconfig warning: Directory/file mtime in the future. New fonts may not be detected.
Fontconfig warning: Directory/file mtime in the future. New fonts may not be detected.
Fontconfig warning: Directory/file mtime in the future. New fonts may not be detected.
Fontconfig warning: Directory/file mtime in the future. New fonts may not be detected.
Fontconfig warning: Directory/file mtime in the future. New fonts may not be detected.
Fontconfig warning: Directory/file mtime in the future. New fonts may not be detected.
Fontconfig warning: Directory/file mtime in the future. New fonts may not be detected.
Fontconfig warning: Directory/file mtime in the future. New fonts may not be detected.
Fontconfig warning: Directory/file mtime in the future. New fonts may not be detected.
Fontconfig warning: Directory/file mtime in the future. New fonts may not be detected.
Fontconfig warning: Directory/file mtime in the future. New fonts may not be detected.
Fontconfig warning: Directory/file mtime in the future. New fonts may not be detected.
Fontconfig warning: Directory/file mtime in the future. New fonts may not be detected.
Fontconfig warning: Directory/file mtime in the future. New fonts may not be detected.
Fontconfig warning: Directory/file mtime in the future. New fonts may not be detected.
Fontconfig warning: Directory/file mtime in the future. New fonts may not be detected.
Fontconfig warning: Directory/file mtime in the future. New fonts may not be detected.
Fontconfig warning: Directory/file mtime in the future. New fonts may not be detected.
Fontconfig warning: Directory/file mtime in the future. New fonts may not be detected.
Fontconfig warning: Directory/file mtime in the future. New fonts may not be detected.
Fontconfig warning: Directory/file mtime in the future. New fonts may not be detected.
Fontconfig warning: Directory/file mtime in the future. New fonts may not be detected.
Fontconfig warning: Directory/file mtime in the future. New fonts may not be detected.
Fontconfig warning: Directory/file mtime in the future. New fonts may not be detected.
Fontconfig warning: Directory/file mtime in the future. New fonts may not be detected.
Fontconfig warning: Directory/file mtime in the future. New fonts may not be detected.
Fontconfig warning: Directory/file mtime in the future. New fonts may not be detected.
Fontconfig warning: Directory/file mtime in the future. New fonts may not be detected.
Fontconfig warning: Directory/file mtime in the future. New fonts may not be detected.
Fontconfig warning: Directory/file mtime in the future. New fonts may not be detected.
Fontconfig warning: Directory/file mtime in the future. New fonts may not be detected.
Fontconfig warning: Directory/file mtime in the future. New fonts may not be detected.
Fontconfig warning: Directory/file mtime in the future. New fonts may not be detected.
Fontconfig warning: Directory/file mtime in the future. New fonts may not be detected.
Fontconfig warning: Directory/file mtime in the future. New fonts may not be detected.
Fontconfig warning: Directory/file mtime in the future. New fonts may not be detected.
Fontconfig warning: Directory/file mtime in the future. New fonts may not be detected.
Fontconfig warning: Directory/file mtime in the future. New fonts may not be detected.
Fontconfig warning: Directory/file mtime in the future. New fonts may not be detected.
Fontconfig warning: Directory/file mtime in the future. New fonts may not be detected.
Fontconfig warning: Directory/file mtime in the future. New fonts may not be detected.
Fontconfig warning: Directory/file mtime in the future. New fonts may not be detected.
Fontconfig warning: Directory/file mtime in the future. New fonts may not be detected.
Fontconfig warning: Directory/file mtime in the future. New fonts may not be detected.
Fontconfig warning: Directory/file mtime in the future. New fonts may not be detected.
Fontconfig warning: Directory/file mtime in the future. New fonts may not be detected.
Fontconfig warning: Directory/file mtime in the future. New fonts may not be detected.
Fontconfig warning: Directory/file mtime in the future. New fonts may not be detected.
Fontconfig warning: Directory/file mtime in the future. New fonts may not be detected.
Fontconfig warning: Directory/file mtime in the future. New fonts may not be detected.
Fontconfig warning: Directory/file mtime in the future. New fonts may not be detected.
Fontconfig warning: Directory/file mtime in the future. New fonts may not be detected.
Fontconfig warning: Directory/file mtime in the future. New fonts may not be detected.
Fontconfig warning: Directory/file mtime in the future. New fonts may not be detected.
Fontconfig warning: Directory/file mtime in the future. New fonts may not be detected.
Fontconfig warning: Directory/file mtime in the future. New fonts may not be detected.
Fontconfig warning: Directory/file mtime in the future. New fonts may not be detected.
Fontconfig warning: Directory/file mtime in the future. New fonts may not be detected.
Fontconfig warning: Directory/file mtime in the future. New fonts may not be detected.
Fontconfig warning: Directory/file mtime in the future. New fonts may not be detected.
Fontconfig warning: Directory/file mtime in the future. New fonts may not be detected.
Fontconfig warning: Directory/file mtime in the future. New fonts may not be detected.
Fontconfig warning: Directory/file mtime in the future. New fonts may not be detected.
Fontconfig warning: Directory/file mtime in the future. New fonts may not be detected.
Fontconfig warning: Directory/file mtime in the future. New fonts may not be detected.
Fontconfig warning: Directory/file mtime in the future. New fonts may not be detected.
Fontconfig warning: Directory/file mtime in the future. New fonts may not be detected.
Fontconfig warning: Directory/file mtime in the future. New fonts may not be detected.
Fontconfig warning: Directory/file mtime in the future. New fonts may not be detected.
Fontconfig warning: Directory/file mtime in the future. New fonts may not be detected.
Fontconfig warning: Directory/file mtime in the future. New fonts may not be detected.
Fontconfig warning: Directory/file mtime in the future. New fonts may not be detected.
Fontconfig warning: Directory/file mtime in the future. New fonts may not be detected.
Fontconfig warning: Directory/file mtime in the future. New fonts may not be detected.
Fontconfig warning: Directory/file mtime in the future. New fonts may not be detected.
Fontconfig warning: Directory/file mtime in the future. New fonts may not be detected.
Fontconfig warning: Directory/file mtime in the future. New fonts may not be detected.
Fontconfig warning: Directory/file mtime in the future. New fonts may not be detected.
Fontconfig warning: Directory/file mtime in the future. New fonts may not be detected.
Fontconfig warning: Directory/file mtime in the future. New fonts may not be detected.
Fontconfig warning: Directory/file mtime in the future. New fonts may not be detected.
Fontconfig warning: Directory/file mtime in the future. New fonts may not be detected.
Fontconfig warning: Directory/file mtime in the future. New fonts may not be detected.
Fontconfig warning: Directory/file mtime in the future. New fonts may not be detected.
Fontconfig warning: Directory/file mtime in the future. New fonts may not be detected.
Fontconfig warning: Directory/file mtime in the future. New fonts may not be detected.
Fontconfig warning: Directory/file mtime in the future. New fonts may not be detected.
Fontconfig warning: Directory/file mtime in the future. New fonts may not be detected.
Fontconfig warning: Directory/file mtime in the future. New fonts may not be detected.
Fontconfig warning: Directory/file mtime in the future. New fonts may not be detected.
Fontconfig warning: Directory/file mtime in the future. New fonts may not be detected.
Fontconfig warning: Directory/file mtime in the future. New fonts may not be detected.
Fontconfig warning: Directory/file mtime in the future. New fonts may not be detected.
Fontconfig warning: Directory/file mtime in the future. New fonts may not be detected.
Fontconfig warning: Directory/file mtime in the future. New fonts may not be detected.
Fontconfig warning: Directory/file mtime in the future. New fonts may not be detected.
Fontconfig warning: Directory/file mtime in the future. New fonts may not be detected.
Fontconfig warning: Directory/file mtime in the future. New fonts may not be detected.
Fontconfig warning: Directory/file mtime in the future. New fonts may not be detected.
Fontconfig warning: Directory/file mtime in the future. New fonts may not be detected.
Fontconfig warning: Directory/file mtime in the future. New fonts may not be detected.
Fontconfig warning: Directory/file mtime in the future. New fonts may not be detected.
Fontconfig warning: Directory/file mtime in the future. New fonts may not be detected.
Fontconfig warning: Directory/file mtime in the future. New fonts may not be detected.
Fontconfig warning: Directory/file mtime in the future. New fonts may not be detected.
Fontconfig warning: Directory/file mtime in the future. New fonts may not be detected.
Fontconfig warning: Directory/file mtime in the future. New fonts may not be detected.
Fontconfig warning: Directory/file mtime in the future. New fonts may not be detected.
Fontconfig warning: Directory/file mtime in the future. New fonts may not be detected.
Fontconfig warning: Directory/file mtime in the future. New fonts may not be detected.
Fontconfig warning: Directory/file mtime in the future. New fonts may not be detected.
Fontconfig warning: Directory/file mtime in the future. New fonts may not be detected.
Fontconfig warning: Directory/file mtime in the future. New fonts may not be detected.
Fontconfig warning: Directory/file mtime in the future. New fonts may not be detected.
Fontconfig warning: Directory/file mtime in the future. New fonts may not be detected.
Fontconfig warning: Directory/file mtime in the future. New fonts may not be detected.
Fontconfig warning: Directory/file mtime in the future. New fonts may not be detected.
Fontconfig warning: Directory/file mtime in the future. New fonts may not be detected.
Fontconfig warning: Directory/file mtime in the future. New fonts may not be detected.
Fontconfig warning: Directory/file mtime in the future. New fonts may not be detected.
Fontconfig warning: Directory/file mtime in the future. New fonts may not be detected.
Fontconfig warning: Directory/file mtime in the future. New fonts may not be detected.
Fontconfig warning: Directory/file mtime in the future. New fonts may not be detected.
Fontconfig warning: Directory/file mtime in the future. New fonts may not be detected.
Fontconfig warning: Directory/file mtime in the future. New fonts may not be detected.
Fontconfig warning: Directory/file mtime in the future. New fonts may not be detected.
Fontconfig warning: Directory/file mtime in the future. New fonts may not be detected.
Fontconfig warning: Directory/file mtime in the future. New fonts may not be detected.
Fontconfig warning: Directory/file mtime in the future. New fonts may not be detected.
Fontconfig warning: Directory/file mtime in the future. New fonts may not be detected.
Fontconfig warning: Directory/file mtime in the future. New fonts may not be detected.
Fontconfig warning: Directory/file mtime in the future. New fonts may not be detected.
Fontconfig warning: Directory/file mtime in the future. New fonts may not be detected.
Fontconfig warning: Directory/file mtime in the future. New fonts may not be detected.
Fontconfig warning: Directory/file mtime in the future. New fonts may not be detected.
Fontconfig warning: Directory/file mtime in the future. New fonts may not be detected.
Fontconfig warning: Directory/file mtime in the future. New fonts may not be detected.
Fontconfig warning: Directory/file mtime in the future. New fonts may not be detected.
Fontconfig warning: Directory/file mtime in the future. New fonts may not be detected.
Fontconfig warning: Directory/file mtime in the future. New fonts may not be detected.
Fontconfig warning: Directory/file mtime in the future. New fonts may not be detected.
Fontconfig warning: Directory/file mtime in the future. New fonts may not be detected.
Fontconfig warning: Directory/file mtime in the future. New fonts may not be detected.
Fontconfig warning: Directory/file mtime in the future. New fonts may not be detected.
Fontconfig warning: Directory/file mtime in the future. New fonts may not be detected.
Fontconfig warning: Directory/file mtime in the future. New fonts may not be detected.
Fontconfig warning: Directory/file mtime in the future. New fonts may not be detected.
Fontconfig warning: Directory/file mtime in the future. New fonts may not be detected.
Fontconfig warning: Directory/file mtime in the future. New fonts may not be detected.
Fontconfig warning: Directory/file mtime in the future. New fonts may not be detected.
Fontconfig warning: Directory/file mtime in the future. New fonts may not be detected.
1548350870188	mozrunner::runner	INFO	Running command: "/usr/bin/firefox" "-marionette" "-foreground" "-no-remote" "-profile" "/tmp/rust_mozprofile.K6hk2LXCeTNb"
1548350876299	addons.webextension.screenshots@mozilla.org	WARN	Loading extension 'screenshots@mozilla.org': Reading manifest: Invalid host permission: resource://pdf.js/
1548350876299	addons.webextension.screenshots@mozilla.org	WARN	Loading extension 'screenshots@mozilla.org': Reading manifest: Invalid host permission: about:reader*
Fontconfig error: "/home/hira/.config/fontconfig/fonts.conf", line 1: no element found
Fontconfig error: "/home/hira/.fonts.conf", line 1: no element found
Fontconfig error: "/home/hira/.config/fontconfig/fonts.conf", line 1: no element found
Fontconfig error: "/home/hira/.fonts.conf", line 1: no element found
Fontconfig error: "/home/hira/.config/fontconfig/fonts.conf", line 1: no element found
Fontconfig error: "/home/hira/.fonts.conf", line 1: no element found
Fontconfig error: "/home/hira/.config/fontconfig/fonts.conf", line 1: no element found
Fontconfig error: "/home/hira/.fonts.conf", line 1: no element found
1548350885369	Marionette	INFO	Listening on port 35885
1548350885667	Marionette	WARN	TLS certificate errors will be ignored for this session
Fontconfig error: "/home/hira/.config/fontconfig/fonts.conf", line 1: no element found
Fontconfig error: "/home/hira/.fonts.conf", line 1: no element found
Fontconfig warning: Directory/file mtime in the future. New fonts may not be detected.
Fontconfig warning: Directory/file mtime in the future. New fonts may not be detected.
Fontconfig warning: Directory/file mtime in the future. New fonts may not be detected.
Fontconfig warning: Directory/file mtime in the future. New fonts may not be detected.
Fontconfig warning: Directory/file mtime in the future. New fonts may not be detected.
Fontconfig warning: Directory/file mtime in the future. New fonts may not be detected.
Fontconfig warning: Directory/file mtime in the future. New fonts may not be detected.
Fontconfig warning: Directory/file mtime in the future. New fonts may not be detected.
Fontconfig warning: Directory/file mtime in the future. New fonts may not be detected.
Fontconfig warning: Directory/file mtime in the future. New fonts may not be detected.
Fontconfig warning: Directory/file mtime in the future. New fonts may not be detected.
Fontconfig warning: Directory/file mtime in the future. New fonts may not be detected.
Fontconfig warning: Directory/file mtime in the future. New fonts may not be detected.
Fontconfig warning: Directory/file mtime in the future. New fonts may not be detected.
Fontconfig warning: Directory/file mtime in the future. New fonts may not be detected.
Fontconfig warning: Directory/file mtime in the future. New fonts may not be detected.
Fontconfig warning: Directory/file mtime in the future. New fonts may not be detected.
Fontconfig warning: Directory/file mtime in the future. New fonts may not be detected.
Fontconfig warning: Directory/file mtime in the future. New fonts may not be detected.
Fontconfig warning: Directory/file mtime in the future. New fonts may not be detected.
Fontconfig warning: Directory/file mtime in the future. New fonts may not be detected.
Fontconfig warning: Directory/file mtime in the future. New fonts may not be detected.
Fontconfig warning: Directory/file mtime in the future. New fonts may not be detected.
Fontconfig warning: Directory/file mtime in the future. New fonts may not be detected.
Fontconfig warning: Directory/file mtime in the future. New fonts may not be detected.
Fontconfig warning: Directory/file mtime in the future. New fonts may not be detected.
Fontconfig warning: Directory/file mtime in the future. New fonts may not be detected.
Fontconfig warning: Directory/file mtime in the future. New fonts may not be detected.
Fontconfig warning: Directory/file mtime in the future. New fonts may not be detected.
Fontconfig warning: Directory/file mtime in the future. New fonts may not be detected.
Fontconfig warning: Directory/file mtime in the future. New fonts may not be detected.
Fontconfig warning: Directory/file mtime in the future. New fonts may not be detected.
Fontconfig warning: Directory/file mtime in the future. New fonts may not be detected.
Fontconfig warning: Directory/file mtime in the future. New fonts may not be detected.
[Parent 7794, Gecko_IOThread] WARNING: pipe error (90): Connection reset by peer: file /build/firefox-wWf_B4/firefox-64.0+build3/ipc/chromium/src/chrome/common/ipc_channel_posix.cc, line 363
[Parent 7794, Gecko_IOThread] WARNING: pipe error (91): Connection reset by peer: file /build/firefox-wWf_B4/firefox-64.0+build3/ipc/chromium/src/chrome/common/ipc_channel_posix.cc, line 363
1548351933329	Marionette	INFO	Stopped listening on port 35885
